<?xml version="1.0" encoding="UTF-8"?>
<testng-results total="1" passed="1" failed="0" skipped="0">
  <reporter-output>
  </reporter-output>
  <suite started-at="2021-03-05T06:37:13Z" name="Default suite" finished-at="2021-03-05T06:37:32Z" duration-ms="19315">
    <groups>
    </groups>
    <test started-at="2021-03-05T06:37:13Z" name="Default test" finished-at="2021-03-05T06:37:32Z" duration-ms="19315">
      <class name="Ghostlab.Amazon.AmazonTest">
        <test-method is-config="true" signature="BeforeTest()[pri:0, instance:Ghostlab.Amazon.AmazonTest@6e15fe2]" started-at="2021-03-04T23:37:13Z" name="BeforeTest" finished-at="2021-03-04T23:37:15Z" duration-ms="2359" status="PASS">
          <reporter-output>
          </reporter-output>
        </test-method> <!-- BeforeTest -->
        <test-method signature="AmazonAutomationStart()[pri:0, instance:Ghostlab.Amazon.AmazonTest@6e15fe2]" started-at="2021-03-04T23:37:15Z" name="AmazonAutomationStart" finished-at="2021-03-04T23:37:32Z" duration-ms="16912" status="PASS">
          <reporter-output>
          </reporter-output>
        </test-method> <!-- AmazonAutomationStart -->
      </class> <!-- Ghostlab.Amazon.AmazonTest -->
    </test> <!-- Default test -->
  </suite> <!-- Default suite -->
</testng-results>
